The system is: Windows - 10.0.22621 - AMD64
Compiling the C compiler identification source file "CMakeCCompilerId.c" succeeded.
Compiler: D:/Visual Studio/Installation/VC/Tools/MSVC/14.33.31629/bin/HostX64/x64/cl.exe 
Build flags: 
Id flags:  

The output was:
0
Microsoft (R) C/C++ Optimizing Compiler Version 19.33.31631 for x64
Copyright (C) Microsoft Corporation.  All rights reserved.

CMakeCCompilerId.c
Microsoft (R) Incremental Linker Version 14.33.31631.0
Copyright (C) Microsoft Corporation.  All rights reserved.

/out:CMakeCCompilerId.exe 
CMakeCCompilerId.obj 


Compilation of the C compiler identification source "CMakeCCompilerId.c" produced "CMakeCCompilerId.exe"

Compilation of the C compiler identification source "CMakeCCompilerId.c" produced "CMakeCCompilerId.obj"

The C compiler identification is MSVC, found in "G:/Programmierscheiss/CussingLang/CussingLangImpl/out/build/x64-debug/CMakeFiles/3.25.1-msvc1/CompilerIdC/CMakeCCompilerId.exe"

Compiling the CXX compiler identification source file "CMakeCXXCompilerId.cpp" succeeded.
Compiler: D:/Visual Studio/Installation/VC/Tools/MSVC/14.33.31629/bin/HostX64/x64/cl.exe 
Build flags: 
Id flags:  

The output was:
0
Microsoft (R) C/C++ Optimizing Compiler Version 19.33.31631 for x64
Copyright (C) Microsoft Corporation.  All rights reserved.

CMakeCXXCompilerId.cpp
Microsoft (R) Incremental Linker Version 14.33.31631.0
Copyright (C) Microsoft Corporation.  All rights reserved.

/out:CMakeCXXCompilerId.exe 
CMakeCXXCompilerId.obj 


Compilation of the CXX compiler identification source "CMakeCXXCompilerId.cpp" produced "CMakeCXXCompilerId.exe"

Compilation of the CXX compiler identification source "CMakeCXXCompilerId.cpp" produced "CMakeCXXCompilerId.obj"

The CXX compiler identification is MSVC, found in "G:/Programmierscheiss/CussingLang/CussingLangImpl/out/build/x64-debug/CMakeFiles/3.25.1-msvc1/CompilerIdCXX/CMakeCXXCompilerId.exe"

Detecting C compiler ABI info compiled with the following output:
Change Dir: G:/Programmierscheiss/CussingLang/CussingLangImpl/out/build/x64-debug/CMakeFiles/CMakeScratch/TryCompile-u5eppi

Run Build Command(s):D:/Visual Studio/Installation/Common7/IDE/CommonExtensions/Microsoft/CMake/Ninja/ninja.exe cmTC_412a4 && [1/2] Building C object CMakeFiles\cmTC_412a4.dir\CMakeCCompilerABI.c.obj
[2/2] Linking C executable cmTC_412a4.exe



Detecting CXX compiler ABI info compiled with the following output:
Change Dir: G:/Programmierscheiss/CussingLang/CussingLangImpl/out/build/x64-debug/CMakeFiles/CMakeScratch/TryCompile-jo1lk3

Run Build Command(s):D:/Visual Studio/Installation/Common7/IDE/CommonExtensions/Microsoft/CMake/Ninja/ninja.exe cmTC_1bd5e && [1/2] Building CXX object CMakeFiles\cmTC_1bd5e.dir\CMakeCXXCompilerABI.cpp.obj
[2/2] Linking CXX executable cmTC_1bd5e.exe



